2018-01-08 09:23:40,157 - os.name - Windows 7
2018-01-08 09:23:40,157 - os.arch - amd64
2018-01-08 09:23:40,157 - os.version - 6.1
2018-01-08 09:23:40,157 - java.version - 1.8.0_151
2018-01-08 09:23:40,157 - java.vendor - Oracle Corporation
2018-01-08 09:23:40,157 - java.vendor.url - http://java.oracle.com/
2018-01-08 09:23:40,157 - java.home - C:\Program Files\Java\jre1.8.0_151
2018-01-08 09:23:40,157 - java.vm.specification.name - Java Virtual Machine Specification
2018-01-08 09:23:40,157 - java.vm.specification.vendor - Oracle Corporation
2018-01-08 09:23:40,157 - java.vm.specification.version - 1.8
2018-01-08 09:23:40,157 - java.class.path - F:\eclipse-android-neon-3-incubation-win32-x86_64\eclipse\\plugins/org.eclipse.equinox.launcher_1.3.201.v20161025-1711.jar
2018-01-08 09:23:40,157 - java.library.path - F:\eclipse-android-neon-3-incubation-win32-x86_64\eclipse;C:\Windows\Sun\Java\bin;C:\Windows\system32;C:\Windows;C:/Program Files/Java/jre1.8.0_151/bin/server;C:/Program Files/Java/jre1.8.0_151/bin;C:/Program Files/Java/jre1.8.0_151/lib/amd64;C:\ProgramData\Oracle\Java\javapath;C:\Program Files\Java\jdk1.8.0_121\bin;C:\strawberry\c\bin;C:\strawberry\perl\bin;F:\sdk\tools;F:\sdk\platform-tools;C:\Users\dell\AppData\Local\Programs\Python\Python36\Scripts;C:\Program Files (x86)\Mozilla Firefox;C:\windows\system32\;C:\Windows;C:\Windows\system32\wbem;F:\apache-tomcat-7.0.77\lib;F:\apache-tomcat-7.0.77\bin;C:\Program Files\TortoiseSVN\bin;D:\mysql-5.7.19-winx64\bin;C:\Users\dell\AppData\Local\Programs\Python\Python36\Scripts\;C:\Users\dell\AppData\Local\Programs\Python\Python36\;C:\Users\dell\AppData\Local\Programs\Fiddler;F:\eclipse-android-neon-3-incubation-win32-x86_64\eclipse;;.
2018-01-08 09:23:40,158 - --------------------------------------
2018-01-08 09:23:40,158 - ## Eclipse Plug-ins Log Information ##
2018-01-08 09:23:40,158 - --------------------------------------
2018-01-08 09:23:40,165 - javax.el - 2.2.0.v201303151357
2018-01-08 09:23:40,166 - javax.servlet - 3.1.0.v201410161800
2018-01-08 09:23:40,167 - javax.servlet.jsp - 2.2.0.v201112011158
2018-01-08 09:23:40,167 - com.sun.el - 2.2.0.v201303151357
2018-01-08 09:23:40,167 - org.apache.commons.logging - 1.1.1.v201101211721
2018-01-08 09:23:40,168 - org.apache.jasper.glassfish - 2.2.2.v201501141630
2018-01-08 09:23:40,169 - org.apache.lucene.analysis - 3.5.0.v20120725-1805
2018-01-08 09:23:40,171 - org.apache.lucene.core - 3.5.0.v20120725-1805
2018-01-08 09:23:40,172 - org.eclipse.equinox.http.jetty - 3.3.0.v20160324-1850
2018-01-08 09:23:40,173 - org.eclipse.equinox.http.registry - 1.1.400.v20150715-1528
2018-01-08 09:23:40,173 - org.eclipse.equinox.http.servlet - 1.3.1.v20160808-1329
2018-01-08 09:23:40,173 - org.eclipse.equinox.jsp.jasper - 1.0.500.v20150119-1358
2018-01-08 09:23:40,174 - org.eclipse.equinox.jsp.jasper.registry - 1.0.300.v20130327-1442
2018-01-08 09:23:40,174 - org.eclipse.help.base - 4.1.2.v20170301-0400
2018-01-08 09:23:40,174 - org.eclipse.help.ui - 4.0.200.v20160510-0758
2018-01-08 09:23:40,175 - org.eclipse.help.webapp - 3.8.0.v20160504-0839
2018-01-08 09:23:40,175 - org.eclipse.jetty.continuation - 9.3.9.v20160517
2018-01-08 09:23:40,176 - org.eclipse.jetty.http - 9.3.9.v20160517
2018-01-08 09:23:40,176 - org.eclipse.jetty.io - 9.3.9.v20160517
2018-01-08 09:23:40,177 - org.eclipse.jetty.security - 9.3.9.v20160517
2018-01-08 09:23:40,178 - org.eclipse.jetty.server - 9.3.9.v20160517
2018-01-08 09:23:40,178 - org.eclipse.jetty.servlet - 9.3.9.v20160517
2018-01-08 09:23:40,179 - org.eclipse.jetty.util - 9.3.9.v20160517
2018-01-08 09:23:40,180 - org.eclipse.core.net - 1.3.0.v20160418-1534
2018-01-08 09:23:40,180 - org.eclipse.equinox.security - 1.2.200.v20150715-1528
2018-01-08 09:23:40,183 - org.eclipse.mylyn.bugzilla.core - 3.21.0.v20160909-1813
2018-01-08 09:23:40,183 - org.eclipse.mylyn.bugzilla.ui - 3.21.0.v20160909-1813
2018-01-08 09:23:40,185 - org.eclipse.andmore.hierarchyviewer - 0.5.0.201605181018
2018-01-08 09:23:40,188 - org.eclipse.sequoyah.device.backward - 2.1.0.N20120718-0509
2018-01-08 09:23:40,188 - org.eclipse.sequoyah.device.framework - 2.1.0.N20120718-0509
2018-01-08 09:23:40,188 - org.eclipse.sequoyah.device.framework.ui - 2.1.0.N20120718-0509
2018-01-08 09:23:40,189 - org.eclipse.sequoyah.device.service.start - 2.1.0.N20120718-0509
2018-01-08 09:23:40,190 - org.eclipse.sequoyah.device.service.stop - 2.1.0.N20120718-0509
2018-01-08 09:23:40,190 - org.eclipse.sequoyah.device.framework.wizard - 2.1.0.N20120718-0509
2018-01-08 09:23:40,193 - org.eclipse.buildship.core - 1.0.21.v20161010-1640
2018-01-08 09:23:40,194 - org.eclipse.buildship.ui - 1.0.21.v20161010-1640
2018-01-08 09:23:40,194 - org.eclipse.buildship.branding - 1.0.21.v20161010-1640
2018-01-08 09:23:40,194 - org.eclipse.buildship.stsmigration - 1.0.21.v20161010-1640
2018-01-08 09:23:40,198 - org.eclipse.egit.core - 4.6.1.201703071140-r
2018-01-08 09:23:40,199 - org.eclipse.egit.ui - 4.6.1.201703071140-r
2018-01-08 09:23:40,199 - org.eclipse.egit - 4.6.1.201703071140-r
2018-01-08 09:23:40,199 - org.eclipse.egit.doc - 4.6.1.201703071140-r
2018-01-08 09:23:40,203 - org.eclipse.mylyn.tasks.core - 3.21.0.v20160914-0252
2018-01-08 09:23:40,203 - org.eclipse.mylyn.tasks.index.core - 3.21.0.v20160630-2019
2018-01-08 09:23:40,204 - org.eclipse.mylyn.tasks.index.ui - 3.21.0.v20160630-2019
2018-01-08 09:23:40,205 - org.eclipse.mylyn.tasks.search - 3.21.0.v20160630-2019
2018-01-08 09:23:40,206 - org.eclipse.mylyn.tasks.ui - 3.21.0.v20160913-2131
2018-01-08 09:23:40,209 - org.eclipse.aether.maven - 3.1.0.v20140706-2237
2018-01-08 09:23:40,212 - org.eclipse.gef - 3.11.0.201606061308
2018-01-08 09:23:40,215 - org.eclipse.mylyn.commons.identity.core - 1.13.0.v20160630-1702
2018-01-08 09:23:40,217 - org.eclipse.oomph.p2 - 1.7.0.v20170104-1401
2018-01-08 09:23:40,217 - org.eclipse.oomph.p2.core - 1.7.0.v20170228-1751
2018-01-08 09:23:40,218 - org.eclipse.oomph.p2.edit - 1.7.0.v20170104-1401
2018-01-08 09:23:40,218 - org.eclipse.oomph.p2.ui - 1.7.0.v20161231-0937
2018-01-08 09:23:40,219 - org.eclipse.oomph.p2.doc - 1.7.0.v20170104-1401
2018-01-08 09:23:40,221 - org.eclipse.datatools.enablement.sqlite - 1.1.0.201603142002
2018-01-08 09:23:40,221 - org.eclipse.datatools.enablement.sqlite.dbdefinition - 1.1.0.201603142002
2018-01-08 09:23:40,222 - org.eclipse.datatools.enablement.sqlite.ui - 1.1.0.201603142002
2018-01-08 09:23:40,222 - org.eclipse.datatools.enablement.finfo - 1.6.0.201603142002
2018-01-08 09:23:40,224 - org.eclipse.emf.codegen.ui - 2.6.0.v20160526-0356
2018-01-08 09:23:40,226 - org.eclipse.mylyn.commons.notifications.core - 1.13.0.v20160630-1702
2018-01-08 09:23:40,226 - org.eclipse.mylyn.commons.notifications.feed - 1.13.0.v20160721-2347
2018-01-08 09:23:40,227 - org.eclipse.mylyn.commons.notifications.ui - 1.13.0.v20160630-1702
2018-01-08 09:23:40,229 - org.eclipse.emf.converter - 2.7.0.v20160526-0356
2018-01-08 09:23:40,229 - org.eclipse.emf.importer - 2.9.0.v20160526-0356
2018-01-08 09:23:40,230 - org.eclipse.emf.exporter - 2.7.0.v20160526-0356
2018-01-08 09:23:40,230 - org.eclipse.emf.importer.ecore - 2.8.0.v20160526-0356
2018-01-08 09:23:40,231 - org.eclipse.emf.importer.java - 2.7.0.v20160526-0356
2018-01-08 09:23:40,231 - org.eclipse.emf.importer.rose - 2.8.0.v20160526-0356
2018-01-08 09:23:40,233 - org.eclipse.emf.edit.ui - 2.12.0.v20160526-0356
2018-01-08 09:23:40,235 - org.eclipse.help - 3.7.0.v20160602-1307
2018-01-08 09:23:40,236 - org.eclipse.ui - 3.108.1.v20160929-1045
2018-01-08 09:23:40,237 - org.eclipse.ui.workbench - 3.108.3.v20170216-1539
2018-01-08 09:23:40,237 - org.eclipse.update.configurator - 3.3.400.v20160506-0750
2018-01-08 09:23:40,237 - org.eclipse.rcp - 4.6.3.v20170301-0400
2018-01-08 09:23:40,239 - org.eclipse.recommenders.rcp - 2.4.6.v20170307-1041
2018-01-08 09:23:40,240 - org.eclipse.recommenders.apidocs - 2.4.6.v20170307-1041
2018-01-08 09:23:40,240 - org.eclipse.recommenders.apidocs.rcp - 2.4.6.v20170307-1041
2018-01-08 09:23:40,241 - org.eclipse.recommenders.calls - 2.4.6.v20170307-1041
2018-01-08 09:23:40,241 - org.eclipse.recommenders.calls.rcp - 2.4.6.v20170307-1041
2018-01-08 09:23:40,241 - org.eclipse.recommenders.chain.rcp - 2.4.6.v20170307-1041
2018-01-08 09:23:40,242 - org.eclipse.recommenders.completion.rcp - 2.4.6.v20170307-1041
2018-01-08 09:23:40,242 - org.eclipse.recommenders.constructors - 2.4.6.v20170307-1041
2018-01-08 09:23:40,243 - org.eclipse.recommenders.constructors.rcp - 2.4.6.v20170307-1041
2018-01-08 09:23:40,243 - org.eclipse.recommenders.coordinates - 2.4.6.v20170307-1041
2018-01-08 09:23:40,243 - org.eclipse.recommenders.coordinates.rcp - 2.4.6.v20170307-1041
2018-01-08 09:23:40,244 - org.eclipse.recommenders.injection - 2.4.6.v20170307-1041
2018-01-08 09:23:40,244 - org.eclipse.recommenders.jayes - 2.4.6.v20170307-1041
2018-01-08 09:23:40,245 - org.eclipse.recommenders.jayes.io - 2.4.6.v20170307-1041
2018-01-08 09:23:40,245 - org.eclipse.recommenders.jdt - 2.4.6.v20170307-1041
2018-01-08 09:23:40,245 - org.eclipse.recommenders.models - 2.4.6.v20170307-1041
2018-01-08 09:23:40,246 - org.eclipse.recommenders.models.rcp - 2.4.6.v20170307-1041
2018-01-08 09:23:40,246 - org.eclipse.recommenders.net - 2.4.6.v20170307-1041
2018-01-08 09:23:40,246 - org.eclipse.recommenders.overrides - 2.4.6.v20170307-1041
2018-01-08 09:23:40,247 - org.eclipse.recommenders.overrides.rcp - 2.4.6.v20170307-1041
2018-01-08 09:23:40,247 - org.eclipse.recommenders.subwords.rcp - 2.4.6.v20170307-1041
2018-01-08 09:23:40,248 - org.eclipse.recommenders.types.rcp - 2.4.6.v20170307-1041
2018-01-08 09:23:40,248 - org.eclipse.recommenders.utils - 2.4.6.v20170307-1041
2018-01-08 09:23:40,248 - org.eclipse.recommenders.utils.rcp - 2.4.6.v20170307-1041
2018-01-08 09:23:40,251 - org.eclipse.mylyn.commons.repositories.http.core - 1.13.0.v20160630-1702
2018-01-08 09:23:40,253 - org.eclipse.datatools.connectivity.oda.design.ui - 3.3.0.201603142002
2018-01-08 09:23:40,253 - org.eclipse.datatools.connectivity.ui.dse - 1.2.0.201603142002
2018-01-08 09:23:40,254 - org.eclipse.datatools.connectivity.ui - 1.3.0.201603142002
2018-01-08 09:23:40,254 - org.eclipse.datatools.connectivity.sqm.core - 1.3.0.201603142002
2018-01-08 09:23:40,254 - org.eclipse.datatools.help - 1.6.0.201603142002
2018-01-08 09:23:40,300 - org.eclipse.jdt - 3.12.3.v20170301-0400
2018-01-08 09:23:40,300 - org.eclipse.ant.ui - 3.6.201.v20161115-1135
2018-01-08 09:23:40,301 - org.eclipse.jdt.apt.core - 3.4.100.v20160525-0952
2018-01-08 09:23:40,301 - org.eclipse.jdt.apt.ui - 3.4.100.v20160418-1457
2018-01-08 09:23:40,302 - org.eclipse.jdt.apt.pluggable.core - 1.1.100.v20160418-1457
2018-01-08 09:23:40,302 - org.eclipse.jdt.compiler.apt - 1.2.100.v20160418-1457
2018-01-08 09:23:40,303 - org.eclipse.jdt.compiler.tool - 1.1.100.v20160418-1457
2018-01-08 09:23:40,303 - org.eclipse.jdt.core - 3.12.3.v20170228-1205
2018-01-08 09:23:40,303 - org.eclipse.jdt.annotation - 2.1.0.v20160418-1457
2018-01-08 09:23:40,303 - org.eclipse.jdt.annotation - 2.1.0.v20160418-1457
2018-01-08 09:23:40,303 - org.eclipse.jdt.core.manipulation - 1.7.0.v20160419-0705
2018-01-08 09:23:40,304 - org.eclipse.jdt.debug.ui - 3.7.201.v20160811-0450
2018-01-08 09:23:40,308 - org.eclipse.jdt.debug - 3.10.1.v20160811-0441
2018-01-08 09:23:40,309 - org.eclipse.jdt.junit - 3.9.0.v20160421-1701
2018-01-08 09:23:40,309 - org.eclipse.jdt.junit.core - 3.8.0.v20160421-1701
2018-01-08 09:23:40,309 - org.eclipse.jdt.junit.runtime - 3.4.600.v20160505-0715
2018-01-08 09:23:40,310 - org.eclipse.jdt.junit4.runtime - 1.1.600.v20160505-0715
2018-01-08 09:23:40,310 - org.eclipse.jdt.launching - 3.8.101.v20161111-2014
2018-01-08 09:23:40,311 - org.eclipse.jdt.ui - 3.12.2.v20160929-0804
2018-01-08 09:23:40,312 - org.junit - 4.12.0.v201504281640
2018-01-08 09:23:40,312 - org.hamcrest.core - 1.3.0.v201303031735
2018-01-08 09:23:40,313 - org.eclipse.jdt.doc.user - 3.12.1.v20160727-2009
2018-01-08 09:23:40,313 - org.eclipse.ant.launching - 1.1.201.v20161115-1135
2018-01-08 09:23:40,315 - org.eclipse.emf.common - 2.12.0.v20160420-0247
2018-01-08 09:23:40,317 - org.eclipse.sequoyah.vnc.vncviewer.vncviews - 2.1.0.N20120718-0509
2018-01-08 09:23:40,319 - org.eclipse.egit.mylyn.ui - 4.6.1.201703071140-r
2018-01-08 09:23:40,321 - org.eclipse.datatools.sqltools.common.ui - 1.1.0.201603142002
2018-01-08 09:23:40,321 - org.eclipse.datatools.sqltools.debugger.core - 1.1.0.201603142002
2018-01-08 09:23:40,322 - org.eclipse.datatools.sqltools.editor.core - 1.1.0.201603142002
2018-01-08 09:23:40,322 - org.eclipse.datatools.sqltools.plan - 1.1.0.201603142002
2018-01-08 09:23:40,322 - org.eclipse.datatools.sqltools.routineeditor - 1.1.0.201603142002
2018-01-08 09:23:40,323 - org.eclipse.datatools.sqltools.sql - 1.1.0.201603142002
2018-01-08 09:23:40,323 - org.eclipse.datatools.sqltools.sqleditor - 1.1.0.201603142002
2018-01-08 09:23:40,323 - org.eclipse.datatools.sqltools.sqlscrapbook - 1.1.0.201603142002
2018-01-08 09:23:40,323 - org.eclipse.datatools.help - 1.6.0.201603142002
2018-01-08 09:23:40,324 - org.eclipse.datatools.sqltools.db.generic - 1.1.0.201603142002
2018-01-08 09:23:40,324 - org.eclipse.datatools.sqltools.debugger.core.ui - 1.1.0.201603142002
2018-01-08 09:23:40,325 - org.eclipse.datatools.sqltools.editor.core.ui - 1.1.0.201603142002
2018-01-08 09:23:40,325 - org.eclipse.datatools.sqltools.result.ui - 1.2.0.201603142002
2018-01-08 09:23:40,325 - org.eclipse.datatools.sqltools.routineeditor.ui - 1.1.0.201603142002
2018-01-08 09:23:40,326 - org.eclipse.datatools.sqltools.sql.ui - 1.1.0.201603142002
2018-01-08 09:23:40,330 - org.objectweb.asm - 5.0.1.v201404251740
2018-01-08 09:23:40,330 - org.eclipse.andmore - 0.5.0.201605181018
2018-01-08 09:23:40,333 - org.eclipse.andmore.base - 0.5.0.201605181018
2018-01-08 09:23:40,341 - org.eclipse.andmore.ddms - 0.5.0.201605181018
2018-01-08 09:23:40,342 - org.eclipse.andmore.overlay - 0.5.0.201605181018
2018-01-08 09:23:40,344 - org.apache.commons.codec - 1.6.0.v201305230611
2018-01-08 09:23:40,345 - org.apache.commons.compress - 1.6.0.v201310281400
2018-01-08 09:23:40,346 - org.apache.httpcomponents.httpclient - 4.3.6.v201511171540
2018-01-08 09:23:40,347 - org.apache.httpcomponents.httpcore - 4.3.3.v201411290715
2018-01-08 09:23:40,351 - org.eclipse.datatools.modelbase.dbdefinition - 1.1.0.201603142002
2018-01-08 09:23:40,352 - org.eclipse.datatools.modelbase.sql.edit - 1.1.0.201603142002
2018-01-08 09:23:40,352 - org.eclipse.datatools.modelbase.sql.query - 1.2.0.201603142002
2018-01-08 09:23:40,353 - org.eclipse.datatools.modelbase.sql.query.edit - 1.1.0.201603142002
2018-01-08 09:23:40,354 - org.eclipse.datatools.modelbase.sql.xml.query - 1.1.0.201603142002
2018-01-08 09:23:40,354 - org.eclipse.datatools.modelbase.sql - 1.1.0.201603142002
2018-01-08 09:23:40,357 - org.eclipse.oomph.setup.editor - 1.7.0.v20170104-1401
2018-01-08 09:23:40,357 - org.eclipse.oomph.setup.ui - 1.7.0.v20170305-1123
2018-01-08 09:23:40,358 - org.eclipse.oomph.setup.doc - 1.7.0.v20170104-1401
2018-01-08 09:23:40,359 - org.eclipse.oomph.setup.ui.questionnaire - 1.7.0.v20170104-1401
2018-01-08 09:23:40,359 - org.eclipse.oomph.jreinfo.ui - 1.7.0.v20161220-1444
2018-01-08 09:23:40,362 - org.eclipse.emf.mapping - 2.9.0.v20160526-0356
2018-01-08 09:23:40,365 - org.eclipse.emf.ecore - 2.12.0.v20160420-0247
2018-01-08 09:23:40,366 - org.eclipse.emf.ecore.change - 2.11.0.v20160420-0247
2018-01-08 09:23:40,366 - org.eclipse.emf.ecore.xmi - 2.12.0.v20160420-0247
2018-01-08 09:23:40,388 - org.eclipse.jgit - 4.6.1.201703071140-r
2018-01-08 09:23:40,388 - org.eclipse.jgit.archive - 4.6.1.201703071140-r
2018-01-08 09:23:40,389 - com.jcraft.jsch - 0.1.54.v20170116-1932
2018-01-08 09:23:40,389 - javaewah - 1.1.6.v20160919-1400
2018-01-08 09:23:40,389 - org.apache.commons.compress - 1.6.0.v201310281400
2018-01-08 09:23:40,390 - org.slf4j.api - 1.7.2.v20121108-1250
2018-01-08 09:23:40,390 - org.slf4j.impl.log4j12 - 1.7.2.v20131105-2200
2018-01-08 09:23:40,391 - org.apache.log4j - 1.2.15.v201012070815
2018-01-08 09:23:40,394 - org.eclipse.mylyn.wikitext.core - 2.10.1.v20161129-1925
2018-01-08 09:23:40,394 - org.eclipse.mylyn.wikitext.core.ant - 2.10.1.v20161129-1925
2018-01-08 09:23:40,395 - org.eclipse.mylyn.wikitext.core.osgi - 2.10.1.v20161129-1925
2018-01-08 09:23:40,395 - org.eclipse.mylyn.wikitext.textile.core - 2.10.1.v20161129-1925
2018-01-08 09:23:40,396 - org.eclipse.mylyn.wikitext.html.core - 2.10.1.v20161129-1925
2018-01-08 09:23:40,396 - org.eclipse.mylyn.wikitext.markdown.core - 2.10.1.v20161129-1925
2018-01-08 09:23:40,397 - org.eclipse.mylyn.wikitext.mediawiki.core - 2.10.1.v20161129-1925
2018-01-08 09:23:40,397 - org.eclipse.mylyn.wikitext.mediawiki.core.ant - 2.10.1.v20161129-1925
2018-01-08 09:23:40,398 - org.eclipse.mylyn.wikitext.confluence.core - 2.10.1.v20161129-1925
2018-01-08 09:23:40,398 - org.eclipse.mylyn.wikitext.tracwiki.core - 2.10.1.v20161129-1925
2018-01-08 09:23:40,399 - org.eclipse.mylyn.wikitext.twiki.core - 2.10.1.v20161129-1925
2018-01-08 09:23:40,399 - org.eclipse.mylyn.wikitext.ui - 2.10.1.v20161129-1925
2018-01-08 09:23:40,400 - org.eclipse.mylyn.wikitext.help.ui - 2.10.1.v20161129-1925
2018-01-08 09:23:40,400 - org.eclipse.mylyn.wikitext.textile.ui - 2.10.1.v20161129-1925
2018-01-08 09:23:40,400 - org.eclipse.mylyn.wikitext.markdown.ui - 2.10.1.v20161129-1925
2018-01-08 09:23:40,401 - org.eclipse.mylyn.wikitext.mediawiki.ui - 2.10.1.v20161129-1925
2018-01-08 09:23:40,401 - org.eclipse.mylyn.wikitext.confluence.ui - 2.10.1.v20161129-1925
2018-01-08 09:23:40,402 - org.eclipse.mylyn.wikitext.tracwiki.ui - 2.10.1.v20161129-1925
2018-01-08 09:23:40,402 - org.eclipse.mylyn.wikitext.twiki.ui - 2.10.1.v20161129-1925
2018-01-08 09:23:40,403 - org.eclipse.mylyn.wikitext.tasks.ui - 2.10.1.v20161129-1925
2018-01-08 09:23:40,403 - org.eclipse.mylyn.wikitext.context.ui - 2.10.1.v20161129-1925
2018-01-08 09:23:40,404 - org.eclipse.mylyn.wikitext.asciidoc.core - 2.10.1.v20161129-1925
2018-01-08 09:23:40,404 - org.eclipse.mylyn.wikitext.asciidoc.ui - 2.10.1.v20161129-1925
2018-01-08 09:23:40,407 - org.eclipse.emf.mapping.ecore.editor - 2.6.0.v20160526-0356
2018-01-08 09:23:40,407 - org.eclipse.emf.mapping.ecore2ecore.editor - 2.7.0.v20160526-0356
2018-01-08 09:23:40,408 - org.eclipse.emf.mapping.ecore2xml.ui - 2.8.0.v20160526-0356
2018-01-08 09:23:40,410 - org.eclipse.recommenders.mylyn.rcp - 2.4.6.v20170307-1041
2018-01-08 09:23:40,419 - org.apache.ant - 1.9.6.v201510161327
2018-01-08 09:23:40,419 - org.eclipse.ant.core - 3.4.100.v20160505-0642
2018-01-08 09:23:40,419 - com.jcraft.jsch - 0.1.54.v20170116-1932
2018-01-08 09:23:40,420 - org.eclipse.compare.core - 3.6.0.v20160418-1534
2018-01-08 09:23:40,421 - org.eclipse.compare - 3.7.1.v20170103-1805
2018-01-08 09:23:40,421 - org.eclipse.compare.win32 - 1.1.0.v20160418-1534
2018-01-08 09:23:40,421 - org.eclipse.core.filebuffers - 3.6.0.v20160503-1849
2018-01-08 09:23:40,422 - org.eclipse.core.filesystem - 1.6.1.v20161113-2349
2018-01-08 09:23:40,422 - org.eclipse.core.net - 1.3.0.v20160418-1534
2018-01-08 09:23:40,422 - org.eclipse.core.net.win32.x86_64 - 1.1.0.v20160323-1650
2018-01-08 09:23:40,423 - org.eclipse.core.resources - 3.11.1.v20161107-2032
2018-01-08 09:23:40,423 - org.eclipse.osgi.util - 3.3.100.v20150423-1351
2018-01-08 09:23:40,424 - org.eclipse.debug.core - 3.10.100.v20160419-1720
2018-01-08 09:23:40,425 - org.eclipse.debug.ui - 3.11.202.v20161114-0338
2018-01-08 09:23:40,426 - org.eclipse.equinox.event - 1.3.200.v20160324-1850
2018-01-08 09:23:40,426 - org.eclipse.ltk.core.refactoring - 3.7.0.v20160419-0705
2018-01-08 09:23:40,427 - org.eclipse.ltk.ui.refactoring - 3.8.0.v20160518-1817
2018-01-08 09:23:40,427 - org.eclipse.platform - 4.6.3.v20170301-0400
2018-01-08 09:23:40,427 - org.eclipse.platform.doc.user - 4.6.1.v20160727-2009
2018-01-08 09:23:40,428 - org.eclipse.search - 3.11.1.v20161113-1700
2018-01-08 09:23:40,429 - org.eclipse.team.core - 3.8.0.v20160418-1534
2018-01-08 09:23:40,429 - org.eclipse.team.ui - 3.8.0.v20160518-1906
2018-01-08 09:23:40,430 - org.eclipse.text - 3.6.0.v20160503-1849
2018-01-08 09:23:40,430 - org.eclipse.jface.text - 3.11.2.v20170220-1911
2018-01-08 09:23:40,431 - org.eclipse.jsch.core - 1.3.0.v20160422-1917
2018-01-08 09:23:40,431 - org.eclipse.jsch.ui - 1.3.0.v20160323-1650
2018-01-08 09:23:40,432 - org.eclipse.ui.console - 3.6.201.v20161107-0337
2018-01-08 09:23:40,432 - org.eclipse.ui.intro - 3.5.2.v20161116-1147
2018-01-08 09:23:40,433 - org.eclipse.ui.intro.universal - 3.3.1.v20160829-1558
2018-01-08 09:23:40,433 - org.eclipse.ui.cheatsheets - 3.5.0.v20160504-0839
2018-01-08 09:23:40,434 - org.eclipse.ui.browser - 3.5.2.v20161114-0210
2018-01-08 09:23:40,434 - org.eclipse.ui.monitoring - 1.1.2.v20170203-1115
2018-01-08 09:23:40,435 - org.eclipse.ui.navigator - 3.6.101.v20161006-1120
2018-01-08 09:23:40,435 - org.eclipse.ui.navigator.resources - 3.5.101.v20161006-0640
2018-01-08 09:23:40,436 - org.eclipse.ui.net - 1.3.0.v20160426-1633
2018-01-08 09:23:40,437 - org.eclipse.ui.workbench.texteditor - 3.10.1.v20160818-1626
2018-01-08 09:23:40,437 - org.eclipse.ui.views - 3.8.102.v20170111-0801
2018-01-08 09:23:40,438 - org.eclipse.ui.editors - 3.10.1.v20161106-1856
2018-01-08 09:23:40,438 - org.eclipse.ui.externaltools - 3.3.100.v20160518-1858
2018-01-08 09:23:40,439 - org.eclipse.ui.ide - 3.12.3.v20170119-0935
2018-01-08 09:23:40,440 - org.eclipse.ui.ide.application - 1.1.101.v20160829-0827
2018-01-08 09:23:40,440 - org.eclipse.ui.win32 - 3.3.0.v20160505-1310
2018-01-08 09:23:40,440 - org.eclipse.core.resources.win32.x86_64 - 3.5.0.v20140124-1940
2018-01-08 09:23:40,441 - org.eclipse.core.filesystem.win32.x86_64 - 1.4.0.v20140124-1940
2018-01-08 09:23:40,441 - org.eclipse.core.variables - 3.3.0.v20160419-1720
2018-01-08 09:23:40,441 - org.eclipse.ui.forms - 3.7.1.v20161220-1635
2018-01-08 09:23:40,442 - org.eclipse.ui.views.properties.tabbed - 3.7.0.v20160310-0903
2018-01-08 09:23:40,442 - org.eclipse.equinox.security - 1.2.200.v20150715-1528
2018-01-08 09:23:40,442 - org.eclipse.equinox.security.ui - 1.1.300.v20150803-1225
2018-01-08 09:23:40,443 - org.eclipse.equinox.security.win32.x86_64 - 1.0.100.v20130327-1442
2018-01-08 09:23:40,443 - org.eclipse.core.externaltools - 1.0.400.v20160509-1057
2018-01-08 09:23:40,443 - org.eclipse.ui.themes - 1.1.300.v20161107-1827
2018-01-08 09:23:40,444 - org.eclipse.core.runtime - 3.12.0.v20160606-1342
2018-01-08 09:23:40,444 - org.eclipse.ui.intro.quicklinks - 1.0.0.v20160515-0255
2018-01-08 09:23:40,447 - org.eclipse.mylyn.discovery.core - 3.21.0.v20160729-1739
2018-01-08 09:23:40,447 - org.eclipse.mylyn.discovery.ui - 3.21.0.v20160630-1702
2018-01-08 09:23:40,476 - org.eclipse.emf.ecore.edit - 2.9.0.v20160526-0356
2018-01-08 09:23:40,477 - org.eclipse.emf.ecore.change.edit - 2.6.0.v20160526-0356
2018-01-08 09:23:40,479 - org.eclipse.sequoyah.vnc.protocol - 2.1.0.N20120718-0509
2018-01-08 09:23:40,481 - org.eclipse.mylyn.versions.core - 1.13.0.v20160630-2022
2018-01-08 09:23:40,482 - org.eclipse.mylyn.versions.ui - 1.13.0.v20160630-2022
2018-01-08 09:23:40,484 - org.eclipse.emf.mapping.ecore - 2.6.0.v20160526-0356
2018-01-08 09:23:40,484 - org.eclipse.emf.mapping.ecore2ecore - 2.9.0.v20160526-0356
2018-01-08 09:23:40,485 - org.eclipse.emf.mapping.ecore2xml - 2.9.0.v20160526-0356
2018-01-08 09:23:40,487 - org.eclipse.andmore.traceview - 0.5.0.201605181018
2018-01-08 09:23:40,489 - org.eclipse.sequoyah.localization.android - 2.1.0.N20120718-0509
2018-01-08 09:23:40,489 - org.eclipse.sequoyah.localization.android.help - 2.1.1.N20120718-0509
2018-01-08 09:23:40,491 - org.eclipse.m2e.logback.configuration - 1.7.0.20160603-1933
2018-01-08 09:23:40,492 - org.eclipse.m2e.logback.appender - 1.7.0.20160603-1933
2018-01-08 09:23:40,494 - org.eclipse.emf.codegen - 2.11.0.v20160526-0356
2018-01-08 09:23:40,497 - org.eclipse.wst.dtd.ui - 1.0.801.v201308100602
2018-01-08 09:23:40,497 - org.eclipse.wst.dtd.ui.infopop - 1.0.400.v201309112106
2018-01-08 09:23:40,503 - org.eclipse.wst.sse.ui.infopop - 1.0.300.v201309112106
2018-01-08 09:23:40,504 - org.eclipse.wst.xml.ui.infopop - 1.0.400.v201309112106
2018-01-08 09:23:40,504 - org.eclipse.wst.sse.ui - 1.3.500.v201605120129
2018-01-08 09:23:40,504 - org.eclipse.wst.xml.ui - 1.1.700.v201604272318
2018-01-08 09:23:40,507 - org.eclipse.wst.xsd.ui - 1.2.600.v201511240159
2018-01-08 09:23:40,509 - org.eclipse.emf - 2.6.0.v20160526-0356
2018-01-08 09:23:40,511 - org.eclipse.datatools.doc.user - 1.7.0.20090521092446
2018-01-08 09:23:40,511 - org.eclipse.datatools.oda.cshelp - 1.2.0.201603142002
2018-01-08 09:23:40,511 - org.eclipse.datatools.help - 1.6.0.201603142002
2018-01-08 09:23:40,514 - org.eclipse.mylyn.tasks.bugs - 3.21.0.v20160929-1805
2018-01-08 09:23:40,514 - org.eclipse.mylyn.help.ui - 3.21.0.v20160913-2013
2018-01-08 09:23:40,515 - org.eclipse.draw2d - 3.10.100.201606061308
2018-01-08 09:23:40,517 - org.eclipse.emf.edit - 2.12.0.v20160526-0356
2018-01-08 09:23:40,518 - org.eclipse.mylyn.commons.core - 3.21.0.v20160707-1856
2018-01-08 09:23:40,518 - org.eclipse.mylyn.commons.screenshots - 3.21.0.v20160630-1702
2018-01-08 09:23:40,519 - org.eclipse.mylyn.commons.ui - 3.21.0.v20160630-1702
2018-01-08 09:23:40,519 - org.eclipse.mylyn.commons.workbench - 3.21.0.v20160630-1702
2018-01-08 09:23:40,521 - org.eclipse.mylyn.bugzilla.ide - 3.21.0.v20160912-1820
2018-01-08 09:23:40,521 - org.eclipse.mylyn.ide.ui - 3.21.0.v20160701-1337
2018-01-08 09:23:40,523 - org.eclipse.emf.databinding.edit - 1.3.0.v20160526-0356
2018-01-08 09:23:40,524 - org.eclipse.emf.codegen.ecore - 2.12.0.v20160526-0356
2018-01-08 09:23:40,524 - org.eclipse.emf.ant - 2.8.0.v20160526-0356
2018-01-08 09:23:40,529 - org.eclipse.m2e.archetype.common - 1.7.0.20160603-1931
2018-01-08 09:23:40,530 - org.eclipse.m2e.maven.indexer - 1.7.0.20160603-1931
2018-01-08 09:23:40,531 - org.eclipse.m2e.model.edit - 1.7.0.20160603-1933
2018-01-08 09:23:40,531 - org.eclipse.m2e.core - 1.7.0.20160603-1933
2018-01-08 09:23:40,531 - org.eclipse.m2e.launching - 1.7.0.20160603-1933
2018-01-08 09:23:40,531 - org.eclipse.m2e.workspace.cli - 0.3.1
2018-01-08 09:23:40,532 - org.eclipse.m2e.jdt - 1.7.0.20160603-1933
2018-01-08 09:23:40,532 - org.eclipse.m2e.editor - 1.7.0.20160603-1933
2018-01-08 09:23:40,532 - org.eclipse.m2e.editor.xml - 1.7.0.20160603-1933
2018-01-08 09:23:40,541 - org.eclipse.m2e.maven.runtime - 1.7.0.20160603-1931
2018-01-08 09:23:40,542 - org.eclipse.m2e.maven.runtime.slf4j.simple - 1.7.0.20160603-1931
2018-01-08 09:23:40,542 - org.eclipse.m2e.refactoring - 1.7.0.20160603-1933
2018-01-08 09:23:40,542 - org.eclipse.m2e.lifecyclemapping.defaults - 1.7.0.20160603-1933
2018-01-08 09:23:40,543 - org.eclipse.m2e.discovery - 1.7.0.20160603-1933
2018-01-08 09:23:40,543 - org.eclipse.m2e.core.ui - 1.7.0.20160603-1933
2018-01-08 09:23:40,544 - org.eclipse.m2e.scm - 1.7.0.20160603-1933
2018-01-08 09:23:40,544 - org.eclipse.m2e.jdt.ui - 1.7.0.20160603-1933
2018-01-08 09:23:40,544 - org.eclipse.m2e.profiles.core - 1.7.0.20160603-1933
2018-01-08 09:23:40,544 - org.eclipse.m2e.profiles.ui - 1.7.0.20160603-1933
2018-01-08 09:23:40,545 - org.eclipse.m2e.importer - 1.7.0.20160603-1933
2018-01-08 09:23:40,546 - org.eclipse.andmore.ndk - 0.5.0.201605181018
2018-01-08 09:23:40,547 - org.eclipse.andmore.gldebugger - 0.5.0.201605181018
2018-01-08 09:23:40,549 - org.eclipse.mylyn.hudson.core - 1.13.0.v20160806-1446
2018-01-08 09:23:40,549 - org.eclipse.mylyn.hudson.ui - 1.13.0.v20160704-1634
2018-01-08 09:23:40,551 - org.eclipse.epp.mpc.core - 1.5.4.v20170222-1921
2018-01-08 09:23:40,551 - org.eclipse.epp.mpc.ui - 1.5.4.v20170222-1941
2018-01-08 09:23:40,552 - org.eclipse.epp.mpc.help.ui - 1.5.4.v20170201-1845
2018-01-08 09:23:40,552 - org.apache.httpcomponents.httpclient - 4.3.6.v201511171540
2018-01-08 09:23:40,552 - org.apache.httpcomponents.httpcore - 4.3.3.v201411290715
2018-01-08 09:23:40,554 - org.eclipse.mylyn.git.core - 1.13.0.v20160630-2022
2018-01-08 09:23:40,554 - org.eclipse.mylyn.git.ui - 1.13.0.v20160630-2022
2018-01-08 09:23:40,556 - org.eclipse.datatools.connectivity.oda.consumer - 3.3.0.201603142002
2018-01-08 09:23:40,556 - org.eclipse.datatools.connectivity.oda.design - 3.4.0.201603142002
2018-01-08 09:23:40,556 - org.eclipse.datatools.connectivity.oda.profile - 3.3.0.201603142002
2018-01-08 09:23:40,556 - org.eclipse.datatools.connectivity.oda - 3.5.0.201603142002
2018-01-08 09:23:40,556 - org.eclipse.datatools.connectivity - 1.13.0.201603142002
2018-01-08 09:23:40,558 - org.eclipse.andmore.android.certmanager - 0.5.0.201605181018
2018-01-08 09:23:40,559 - org.eclipse.recommenders.snipmatch - 2.4.6.v20170307-1041
2018-01-08 09:23:40,559 - org.eclipse.recommenders.snipmatch.rcp - 2.4.6.v20170307-1041
2018-01-08 09:23:40,561 - org.eclipse.cdt.gdb - 7.0.0.201703062208
2018-01-08 09:23:40,561 - org.eclipse.cdt.gdb.ui - 7.0.0.201703062208
2018-01-08 09:23:40,563 - org.eclipse.sequoyah.localization.tools - 2.1.0.N20120718-0509
2018-01-08 09:23:40,563 - org.eclipse.sequoyah.localization.editor - 2.1.0.N20120718-0509
2018-01-08 09:23:40,565 - org.eclipse.pde - 3.12.3.v20170301-0400
2018-01-08 09:23:40,566 - org.eclipse.pde.build - 3.9.200.v20160204-0642
2018-01-08 09:23:40,566 - org.eclipse.pde.core - 3.11.1.v20161115-1951
2018-01-08 09:23:40,566 - org.eclipse.pde.junit.runtime - 3.5.0.v20151013-0625
2018-01-08 09:23:40,567 - org.eclipse.pde.runtime - 3.5.0.v20160418-1724
2018-01-08 09:23:40,568 - org.eclipse.pde.ui - 3.9.100.v20161102-0517
2018-01-08 09:23:40,569 - org.eclipse.pde.doc.user - 3.12.2.v20170221-1001
2018-01-08 09:23:40,570 - org.eclipse.pde.ui.templates - 3.6.0.v20160424-1948
2018-01-08 09:23:40,570 - org.eclipse.ui.views.log - 1.2.1.v20160829-0826
2018-01-08 09:23:40,570 - org.objectweb.asm - 5.0.1.v201404251740
2018-01-08 09:23:40,571 - org.objectweb.asm.tree - 5.0.1.v201404251740
2018-01-08 09:23:40,571 - org.eclipse.pde.api.tools - 1.1.2.v20161115-0549
2018-01-08 09:23:40,571 - org.eclipse.pde.api.tools.annotations - 1.0.100.v20160418-1724
2018-01-08 09:23:40,572 - org.eclipse.pde.api.tools.ui - 1.1.0.v20160519-0701
2018-01-08 09:23:40,572 - org.eclipse.pde.ds.core - 1.1.0.v20151201-1325
2018-01-08 09:23:40,573 - org.eclipse.pde.ds.ui - 1.1.0.v20160518-1843
2018-01-08 09:23:40,573 - org.eclipse.pde.launching - 3.6.401.v20161115-0549
2018-01-08 09:23:40,573 - org.eclipse.pde.ua.core - 1.0.500.v20160204-0642
2018-01-08 09:23:40,574 - org.eclipse.pde.ua.ui - 1.1.0.v20160518-1843
2018-01-08 09:23:40,574 - org.eclipse.ui.trace - 1.0.400.v20160509-1055
2018-01-08 09:23:40,574 - org.eclipse.pde.ds.annotations - 1.0.0.v20160525-1437
2018-01-08 09:23:40,576 - net.sourceforge.lpg.lpgjavaruntime - 1.1.0.v201004271650
2018-01-08 09:23:40,577 - org.eclipse.datatools.sqltools.parsers.sql.lexer - 1.1.0.201603142002
2018-01-08 09:23:40,577 - org.eclipse.datatools.sqltools.parsers.sql.query - 1.3.0.201603142002
2018-01-08 09:23:40,577 - org.eclipse.datatools.sqltools.parsers.sql.xml.query - 1.1.0.201603142002
2018-01-08 09:23:40,577 - org.eclipse.datatools.sqltools.parsers.sql - 1.1.0.201603142002
2018-01-08 09:23:40,579 - org.eclipse.mylyn.java.ui - 3.21.0.v20160701-1337
2018-01-08 09:23:40,580 - org.eclipse.mylyn.java.tasks - 3.21.0.v20160701-1337
2018-01-08 09:23:40,580 - org.eclipse.mylyn.ide.ui - 3.21.0.v20160701-1337
2018-01-08 09:23:40,580 - org.eclipse.mylyn.ide.ant - 3.21.0.v20160701-1337
2018-01-08 09:23:40,580 - org.eclipse.mylyn.debug.ui - 3.21.0.v20160701-1337
2018-01-08 09:23:40,582 - org.eclipse.mylyn.team.ui - 3.21.0.v20160701-1337
2018-01-08 09:23:40,584 - org.eclipse.datatools.sqltools.sql - 1.1.0.201603142002
2018-01-08 09:23:40,584 - org.eclipse.datatools.sqltools.common.ui - 1.1.0.201603142002
2018-01-08 09:23:40,584 - org.eclipse.datatools.sqltools.plan - 1.1.0.201603142002
2018-01-08 09:23:40,584 - org.eclipse.datatools.sqltools.editor.core - 1.1.0.201603142002
2018-01-08 09:23:40,584 - org.eclipse.datatools.sqltools.sqleditor - 1.1.0.201603142002
2018-01-08 09:23:40,584 - org.eclipse.datatools.sqltools.ddlgen.ui - 1.1.0.201603142002
2018-01-08 09:23:40,584 - org.eclipse.datatools.connectivity.db.generic - 1.1.0.201603142002
2018-01-08 09:23:40,584 - org.eclipse.datatools.sqltools.editor.core.ui - 1.1.0.201603142002
2018-01-08 09:23:40,584 - org.eclipse.datatools.sqltools.sql.ui - 1.1.0.201603142002
2018-01-08 09:23:40,586 - org.eclipse.emf.common.ui - 2.11.0.v20160526-0356
2018-01-08 09:23:40,588 - org.eclipse.mylyn.commons.repositories.core - 1.13.0.v20160630-1702
2018-01-08 09:23:40,588 - org.eclipse.mylyn.commons.repositories.ui - 1.13.0.v20160630-1702
2018-01-08 09:23:40,590 - org.eclipse.sequoyah.device.common.utilities - 2.1.0.N20120718-0509
2018-01-08 09:23:40,592 - org.eclipse.andmore.android.common - 0.5.0.201605181018
2018-01-08 09:23:40,592 - org.eclipse.andmore.android.codeutils - 0.5.0.201605181018
2018-01-08 09:23:40,593 - org.eclipse.andmore.android.translation - 0.5.0.201605181018
2018-01-08 09:23:40,594 - org.eclipse.andmore.android.codesnippets - 0.5.0.201605181018
2018-01-08 09:23:40,594 - org.eclipse.andmore.android.db.core - 0.5.0.201605181018
2018-01-08 09:23:40,594 - org.eclipse.andmore.android.logger - 0.5.0.201605181018
2018-01-08 09:23:40,595 - org.eclipse.andmore.android - 0.5.0.201605181018
2018-01-08 09:23:40,596 - org.eclipse.andmore.android.emulator - 0.5.0.201605181018
2018-01-08 09:23:40,596 - org.eclipse.andmore.android.launch - 0.5.0.201605181018
2018-01-08 09:23:40,597 - org.eclipse.andmore.android.packaging.ui - 0.5.0.201605181018
2018-01-08 09:23:40,597 - org.eclipse.andmore.android.handset - 0.5.0.201605181018
2018-01-08 09:23:40,597 - org.eclipse.andmore.android.remote - 0.5.0.201605181018
2018-01-08 09:23:40,597 - org.eclipse.andmore.android.win32.x86_64 - 0.5.0.201605181018
2018-01-08 09:23:40,598 - org.eclipse.andmore.android.mat - 0.5.0.201605181018
2018-01-08 09:23:40,598 - org.eclipse.andmore.android.devices.services - 0.5.0.201605181018
2018-01-08 09:23:40,598 - org.eclipse.andmore.android.db.devices - 0.5.0.201605181018
2018-01-08 09:23:40,599 - org.eclipse.andmore.android.installer - 0.5.0.201605181018
2018-01-08 09:23:40,599 - org.eclipse.andmore.android.logger.collector - 0.5.0.201605181018
2018-01-08 09:23:40,601 - org.eclipse.emf.mapping.ui - 2.7.0.v20160526-0356
2018-01-08 09:23:40,602 - org.eclipse.mylyn.monitor.core - 3.21.0.v20160630-1702
2018-01-08 09:23:40,603 - org.eclipse.mylyn.monitor.ui - 3.21.0.v20160630-1702
2018-01-08 09:23:40,604 - org.eclipse.datatools.connectivity.oda.template.ui - 3.3.0.201603142002
2018-01-08 09:23:40,606 - org.eclipse.sequoyah.vnc.vncviewer - 2.1.0.N20120718-0509
2018-01-08 09:23:40,607 - org.eclipse.emf.codegen.ecore.ui - 2.12.0.v20160526-0356
2018-01-08 09:23:40,609 - org.eclipse.emf.ecore.editor - 2.12.0.v20160526-0356
2018-01-08 09:23:40,610 - org.eclipse.epp.package.android - 4.6.3.20170314-1500
2018-01-08 09:23:40,612 - org.eclipse.mylyn.builds.core - 1.13.0.v20160704-1634
2018-01-08 09:23:40,612 - org.eclipse.mylyn.builds.ui - 1.13.0.v20160725-1817
2018-01-08 09:23:40,613 - org.eclipse.mylyn.context.core - 3.21.0.v20160701-1337
2018-01-08 09:23:40,614 - org.eclipse.mylyn.context.ui - 3.21.0.v20160701-1337
2018-01-08 09:23:40,614 - org.eclipse.mylyn.resources.ui - 3.21.0.v20160701-1337
2018-01-08 09:23:40,615 - org.eclipse.mylyn.context.tasks.ui - 3.21.0.v20160815-2336
2018-01-08 09:23:40,617 - org.eclipse.emf.databinding - 1.3.0.v20160526-0356
2018-01-08 09:23:40,619 - org.eclipse.datatools.connectivity.sqm.core.ui - 1.3.0.201603142002
2018-01-08 09:23:40,619 - org.eclipse.datatools.connectivity.sqm.core - 1.3.0.201603142002
2018-01-08 09:23:40,620 - org.eclipse.datatools.connectivity.sqm.server.ui - 1.2.0.201603142002
2018-01-08 09:23:40,620 - org.eclipse.datatools.connectivity.ui.dse - 1.2.0.201603142002
2018-01-08 09:23:40,620 - org.eclipse.datatools.connectivity.ui - 1.3.0.201603142002
2018-01-08 09:23:40,620 - org.eclipse.datatools.connectivity - 1.13.0.201603142002
2018-01-08 09:23:40,620 - org.eclipse.datatools.help - 1.6.0.201603142002
2018-01-08 09:23:40,620 - org.eclipse.datatools.connectivity.console.profile - 1.1.0.201603142002
2018-01-08 09:23:40,622 - org.eclipse.oomph.setup - 1.7.0.v20170224-1311
2018-01-08 09:23:40,623 - org.eclipse.oomph.setup.edit - 1.7.0.v20170104-1401
2018-01-08 09:23:40,623 - org.eclipse.oomph.setup.core - 1.7.0.v20170301-0747
2018-01-08 09:23:40,623 - org.eclipse.oomph.setup.sync - 1.7.0.v20170201-1631
2018-01-08 09:23:40,624 - org.eclipse.oomph.setup.p2 - 1.7.0.v20170217-1051
2018-01-08 09:23:40,624 - org.eclipse.oomph.setup.p2.edit - 1.7.0.v20161230-1057
2018-01-08 09:23:40,625 - org.eclipse.oomph.preferences - 1.7.0.v20170104-1401
2018-01-08 09:23:40,625 - org.eclipse.oomph.jreinfo - 1.7.0.v20170201-1645
2018-01-08 09:23:40,625 - org.eclipse.oomph.jreinfo.win32.x86_64 - 1.2.0.v20160426-0508
2018-01-08 09:23:40,626 - org.eclipse.oomph.extractor.lib - 1.3.0.v20161116-0647
2018-01-08 09:23:40,626 - org.apache.commons.logging - 1.1.1.v201101211721
2018-01-08 09:23:40,626 - org.apache.commons.codec - 1.6.0.v201305230611
2018-01-08 09:23:40,626 - org.apache.httpcomponents.httpclient - 4.3.6.v201511171540
2018-01-08 09:23:40,626 - org.apache.httpcomponents.httpcore - 4.3.3.v201411290715
2018-01-08 09:23:40,626 - org.eclipse.userstorage - 1.0.1.v20170201-1648
2018-01-08 09:23:40,626 - org.eclipse.userstorage.ui - 1.0.1.v20170201-1648
