2018-01-08 09:23:40,627 [main] DEBUG class java.lang.Class - Starting Andmore Common Plugin...
2018-01-08 09:23:40,627 [main] DEBUG class java.lang.Class - Andmore Common Plugin started.
2018-01-08 09:23:40,628 [main] DEBUG class java.lang.Class - Starting Andmore Plugin...
2018-01-08 09:23:40,629 [main] DEBUG class java.lang.Class - Andmore Plugin started.
2018-01-08 09:23:41,403 [main] DEBUG class java.lang.Class - Starting Andmore Emulator Plugin...
2018-01-08 09:23:41,451 [main] DEBUG class java.lang.Class - Andmore Emulator Plugin started.
2018-01-08 09:23:41,454 [main] DEBUG class java.lang.Class - Starting Andmore Handset Plugin...
2018-01-08 09:23:41,454 [main] DEBUG class java.lang.Class - Andmore Handset Plugin started.
2018-01-08 09:23:41,457 [main] DEBUG class java.lang.Class - Starting Andmore Remote Device Plugin...
2018-01-08 09:23:41,457 [main] DEBUG class java.lang.Class - Starting Andmore Remote Device Plugin started.
2018-01-08 09:23:41,463 [main] DEBUG class java.lang.Class - Starting Andmore Device Services Plugin...
2018-01-08 09:23:41,463 [main] DEBUG class java.lang.Class - Andmore Device Services Plugin started.
2018-01-08 09:23:41,498 [Instance Event Manager] INFO  Studio for Android - The android device instance status was updated: 5.4_FWVGA_API_22 Status: OFF
2018-01-08 09:23:41,499 [Instance Event Manager] INFO  Studio for Android - The android device instance status was updated: Nexus_S_API_19 Status: OFF
2018-01-08 09:23:41,500 [Instance Event Manager] INFO  Studio for Android - The android device instance status was updated: Nexus_4_API_25 Status: OFF
2018-01-08 09:23:41,500 [Instance Event Manager] INFO  Studio for Android - The android device instance status was updated: Nexus_5X_API_26 Status: OFF
2018-01-08 09:23:41,500 [Instance Event Manager] INFO  Studio for Android - The android device instance status was updated: Galaxy_Nexus_API_10 Status: OFF
2018-01-08 09:23:41,504 [Instance Event Manager] INFO  Studio for Android - The android device instance status was updated: 5.4_FWVGA_API_22 Status: org.eclipse.andmore.android.emulator.status.notavailable
2018-01-08 09:23:41,504 [Instance Event Manager] INFO  Studio for Android - The android device instance status was updated: Nexus_S_API_19 Status: org.eclipse.andmore.android.emulator.status.notavailable
2018-01-08 09:23:41,504 [Instance Event Manager] INFO  Studio for Android - The android device instance status was updated: Nexus_4_API_25 Status: org.eclipse.andmore.android.emulator.status.notavailable
2018-01-08 09:23:41,504 [Instance Event Manager] INFO  Studio for Android - The android device instance status was updated: Nexus_5X_API_26 Status: org.eclipse.andmore.android.emulator.status.notavailable
2018-01-08 09:23:41,504 [Instance Event Manager] INFO  Studio for Android - The android device instance status was updated: Galaxy_Nexus_API_10 Status: org.eclipse.andmore.android.emulator.status.notavailable
2018-01-08 09:23:41,538 [main] ERROR Studio for Android - 无法实例化处理程序(PLUGIN=org.eclipse.sequoyah.device.framework;ERROR=202)
2018-01-08 09:23:41,538 [main] ERROR Studio for Android - 无法实例化处理程序(PLUGIN=org.eclipse.sequoyah.device.framework;ERROR=202)
2018-01-08 09:23:41,538 [main] ERROR Studio for Android - 无法实例化处理程序(PLUGIN=org.eclipse.sequoyah.device.framework;ERROR=202)
2018-01-08 09:23:41,538 [main] ERROR Studio for Android - 无法实例化处理程序(PLUGIN=org.eclipse.sequoyah.device.framework;ERROR=202)
2018-01-08 09:23:41,538 [main] ERROR Studio for Android - 无法实例化处理程序(PLUGIN=org.eclipse.sequoyah.device.framework;ERROR=202)
2018-01-08 09:23:41,539 [main] ERROR Studio for Android - 无法实例化处理程序(PLUGIN=org.eclipse.sequoyah.device.framework;ERROR=202)
2018-01-08 09:23:41,539 [main] ERROR Studio for Android - 无法实例化处理程序(PLUGIN=org.eclipse.sequoyah.device.framework;ERROR=202)
2018-01-08 09:23:41,539 [main] ERROR Studio for Android - 无法实例化处理程序(PLUGIN=org.eclipse.sequoyah.device.framework;ERROR=202)
2018-01-08 09:23:41,539 [main] ERROR Studio for Android - 无法实例化处理程序(PLUGIN=org.eclipse.sequoyah.device.framework;ERROR=202)
2018-01-08 09:23:41,539 [main] ERROR Studio for Android - 无法实例化处理程序(PLUGIN=org.eclipse.sequoyah.device.framework;ERROR=202)
2018-01-08 09:23:41,539 [main] ERROR Studio for Android - 无法实例化处理程序(PLUGIN=org.eclipse.sequoyah.device.framework;ERROR=202)
2018-01-08 09:23:41,539 [main] ERROR Studio for Android - 无法实例化处理程序(PLUGIN=org.eclipse.sequoyah.device.framework;ERROR=202)
2018-01-08 09:23:41,539 [main] ERROR Studio for Android - 无法实例化处理程序(PLUGIN=org.eclipse.sequoyah.device.framework;ERROR=202)
2018-01-08 09:23:41,539 [main] ERROR Studio for Android - 无法实例化处理程序(PLUGIN=org.eclipse.sequoyah.device.framework;ERROR=202)
2018-01-08 09:23:41,539 [main] ERROR Studio for Android - 无法实例化处理程序(PLUGIN=org.eclipse.sequoyah.device.framework;ERROR=202)
2018-01-08 09:23:41,539 [main] ERROR Studio for Android - 无法实例化处理程序(PLUGIN=org.eclipse.sequoyah.device.framework;ERROR=202)
2018-01-08 09:23:41,539 [main] ERROR Studio for Android - 无法实例化处理程序(PLUGIN=org.eclipse.sequoyah.device.framework;ERROR=202)
2018-01-08 09:23:41,539 [main] ERROR Studio for Android - 无法实例化处理程序(PLUGIN=org.eclipse.sequoyah.device.framework;ERROR=202)
2018-01-08 09:23:41,540 [main] ERROR Studio for Android - 无法实例化处理程序(PLUGIN=org.eclipse.sequoyah.device.framework;ERROR=202)
2018-01-08 09:23:41,540 [main] ERROR Studio for Android - 无法实例化处理程序(PLUGIN=org.eclipse.sequoyah.device.framework;ERROR=202)
2018-01-08 09:23:43,096 [main] DEBUG class java.lang.Class - Starting DDMS facade using listener...
2018-01-08 09:23:43,131 [main] DEBUG class java.lang.Class - DDMS facade started using listener.
2018-01-08 09:23:45,391 [Worker-2] DEBUG class org.eclipse.andmore.android.AndroidPlugin - Notify SDK loader listeners
2018-01-08 09:23:46,123 [Worker-1] DEBUG class org.eclipse.andmore.android.AndroidPlugin - Notify SDK loader listeners
2018-01-08 09:23:56,656 [Worker-5] INFO  Studio for Android - [Status: id=org.eclipse.andmore.android.emulator.status.offline;name=Offline]
2018-01-08 09:23:56,656 [Worker-5] INFO  Studio for Android - [Status: id=org.eclipse.andmore.android.handset.status.handsetonline;name=Online]
2018-01-08 09:23:56,656 [Worker-5] INFO  Studio for Android - [Status: id=INACTIVE;name=INACTIVE]
2018-01-08 09:23:56,656 [Worker-5] INFO  Studio for Android - [Status: id=org.eclipse.andmore.android.emulator.status.notavailable;name=Not available]
2018-01-08 09:23:56,656 [Worker-5] INFO  Studio for Android - [Status: id=IDLE;name=IDLE]
2018-01-08 09:23:56,656 [Worker-5] INFO  Studio for Android - [Status: id=org.eclipse.andmore.android.remote.status.connected;name=Connected]
2018-01-08 09:23:56,656 [Worker-5] INFO  Studio for Android - [Status: id=org.eclipse.andmore.android.remote.status.disconnected;name=Disconnected]
2018-01-08 09:23:56,656 [Worker-5] INFO  Studio for Android - [Status: id=org.eclipse.andmore.android.emulator.status.online;name=Online]
2018-01-08 09:23:56,656 [Worker-5] INFO  Studio for Android - [Status: id=OFF;name=OFF]
2018-01-08 09:23:56,656 [Worker-5] INFO  Studio for Android - [Status: id=org.eclipse.andmore.android.emulator.status.offlineNoData;name=Offline (no user data)]
2018-01-08 09:24:31,922 [main] DEBUG class java.lang.Class - Starting Eclipse Andmore Database Core Plugin...
2018-01-08 09:24:31,955 [main] DEBUG Studio for Android - JDBC Driver Location:bundleentry://69.fwk1932303196/res/androidjdbc.jar JDBC Driver getBundle().getLocation():reference:file:plugins/org.eclipse.andmore.android.common_0.5.0.201605181018.jar
2018-01-08 09:24:31,956 [main] DEBUG Studio for Android - JDBC Driver Path:F:\eclipse-android-neon-3-incubation-win32-x86_64\eclipse\configuration\org.eclipse.osgi\69\0\.cp\res\androidjdbc.jar
2018-01-08 09:24:31,956 [main] DEBUG Studio for Android - JDBC Driver Location:bundleentry://69.fwk1932303196/res/androidjdbc.jar JDBC Driver getBundle().getLocation():reference:file:plugins/org.eclipse.andmore.android.common_0.5.0.201605181018.jar
2018-01-08 09:24:31,956 [main] DEBUG Studio for Android - JDBC Driver Path:F:\eclipse-android-neon-3-incubation-win32-x86_64\eclipse\configuration\org.eclipse.osgi\69\0\.cp\res\androidjdbc.jar
2018-01-08 09:24:31,972 [main] INFO  Studio for Android - Created a JDBC driver instance at Data Tools.
2018-01-08 09:24:31,983 [main] DEBUG class java.lang.Class - Eclipse Andmore Database Core Plugin started.
2018-01-08 09:24:31,984 [main] DEBUG class java.lang.Class - Starting Eclipse Andmore Database Devices Support Plugin...
2018-01-08 09:24:31,987 [main] DEBUG class java.lang.Class - Eclipse Andmore Database Devices Support Plugin started...
2018-01-08 09:24:32,883 [Framework stop] DEBUG Studio for Android - org.eclipse.sequoyah.device.service.start.StartServicePlugin-SHUTDOWN
2018-01-08 09:24:32,898 [Framework stop] DEBUG Studio for Android - org.eclipse.sequoyah.device.framework.ui.DeviceUIPlugin-SHUTDOWN
2018-01-08 09:24:32,898 [Framework stop] DEBUG Studio for Android - org.eclipse.sequoyah.device.service.stop.StopServicePlugin-SHUTDOWN
2018-01-08 09:24:32,898 [Framework stop] DEBUG Studio for Android - org.eclipse.sequoyah.device.framework.DevicePlugin-SHUTDOWN
